Arguments: 
  D:\SoftWare\Node.js\node.exe D:\SoftWare\yarn\bin\yarn.js add -D vuepress

PATH: 
  D:\SoftWare\cmder\vendor\git-for-windows\mingw64\bin;D:\SoftWare\cmder\vendor\git-for-windows\usr\bin;C:\Users\asus\bin;C:\WINDOWS\system32;C:\WINDOWS;C:\WINDOWS\System32\Wbem;C:\WINDOWS\System32\WindowsPowerShell\v1.0;C:\WINDOWS\System32\OpenSSH;D:\SoftWare\yarn\bin;D:\SoftWare\Node.js;C:\Users\asus\Desktop;D:\SoftWare\hugo1;C:\Users\asus\AppData\Local\Microsoft\WindowsApps;C:\Users\asus\AppData\Local\Yarn\bin;C:\Users\asus\AppData\Roaming\npm;C:\Users\asus\AppData\Local\Programs\Microsoft VS Code\bin

Yarn version: 
  1.22.4

Node version: 
  12.16.1

Platform: 
  win32 x64

Trace: 
  Error: EPERM: operation not permitted, unlink 'C:\Users\asus\Desktop\gululu-demo1\node_modules\deasync\bin\win32-x64-node-12\deasync.node'

npm manifest: 
  {
    "name": "gululu-test-1",
    "version": "0.0.3",
    "description": "这是一个UI框架",
    "main": "dist/index.js",
    "scripts": {
      "start": "parcel index.html --no-cache",
      "dev-test": "parcel watch test/* --no-cache & karma start",
      "test": "parcel build test/* --no-minify && karma start --single-run"
    },
    "repository": {
      "type": "git",
      "url": "git+https://github.com/li123147/gululu-1.git"
    },
    "keywords": [
      "vue",
      "ui"
    ],
    "author": "li123147",
    "license": "MIT",
    "bugs": {
      "url": "https://github.com/li123147/gululu-1/issues"
    },
    "homepage": "https://github.com/li123147/gululu-1#readme",
    "dependencies": {
      "node-sass": "^4.9.0",
      "vue": "^2.5.16",
      "vue-hot-reload-api": "^2.3.0"
    },
    "devDependencies": {
      "@vue/component-compiler-utils": "^2.0.0",
      "chai": "^4.1.2",
      "chai-spies": "^1.0.0",
      "karma": "^2.0.4",
      "karma-chai": "^0.1.0",
      "karma-chai-spies": "^0.1.4",
      "karma-chrome-launcher": "^2.2.0",
      "karma-mocha": "^1.3.0",
      "karma-sinon-chai": "^1.3.4",
      "mocha": "^5.2.0",
      "parcel-bundler": "^1.9.3",
      "sass": "^1.26.10",
      "sass-loader": "^7.1.0",
      "sinon": "^6.0.1",
      "sinon-chai": "^3.2.0",
      "vue-template-compiler": "^2.5.16"
    },
    "alias": {
      "vue": "./node_modules/vue/dist/vue.common.js"
    }
  }

yarn manifest: 
  No manifest

Lockfile: 
  No lockfile
